<?xml version="1.0" encoding="utf-8"?><testsuites name="pytest tests"><testsuite name="pytest" errors="0" failures="0" skipped="0" tests="49" time="31.742" timestamp="2026-09-13T11:56:12.482624+02:00" hostname="MacBook-Pro-4.local"><testcase classname="tests.test_storage_output" name="test_write_precision_preserves_integers_and_makes_paraview_safe_float16" time="0.000" /><testcase classname="tests.test_storage_output" name="test_surface_sampler_writes_compact_paraview_readable_vts" time="1.693" /><testcase classname="tests.test_storage_output" name="test_fvm_export_writes_compact_paraview_readable_vtu" time="0.113" /><testcase classname="tests.test_storage_output" name="test_owned_only_partition_vtu_excludes_incomplete_halo_cells" time="0.231" /><testcase classname="tests.test_storage_output" name="test_line_sampler_omits_derivatives_from_compact_csv" time="0.001" /><testcase classname="tests.test_storage_output" name="test_scheduled_line_retains_native_times_across_output_manager_restart" time="0.004" /><testcase classname="tests.vpm.test_output_contracts" name="test_backup_defaults_and_custom_directories" time="0.000" /><testcase classname="tests.vpm.test_output_contracts" name="test_backup_rejects_invalid_intervals[-1]" time="0.000" /><testcase classname="tests.vpm.test_output_contracts" name="test_backup_rejects_invalid_intervals[True]" time="0.000" /><testcase classname="tests.vpm.test_output_contracts" name="test_backup_rejects_invalid_intervals[1.5]" time="0.000" /><testcase classname="tests.vpm.test_output_contracts" name="test_samplers_accept_a_tuple_and_own_the_directory" time="0.000" /><testcase classname="tests.vpm.test_output_contracts" name="test_sampler_directory_must_stay_below_samples[]" time="0.001" /><testcase classname="tests.vpm.test_output_contracts" name="test_sampler_directory_must_stay_below_samples[/absolute]" time="0.000" /><testcase classname="tests.vpm.test_output_contracts" name="test_sampler_directory_must_stay_below_samples[.]" time="0.000" /><testcase classname="tests.vpm.test_output_contracts" name="test_sampler_directory_must_stay_below_samples[../escape]" time="0.000" /><testcase classname="tests.vpm.test_output_contracts" name="test_public_case_owns_backup_and_sampler_construction_objects" time="0.000" /><testcase classname="tests.vpm.test_output_contracts" name="test_coupled_vlm_rejects_an_independent_output_cadence" time="0.001" /><testcase classname="tests.vpm.test_output_contracts" name="test_coupled_vlm_rejects_scientific_output_opt_out" time="0.000" /><testcase classname="tests.vpm.test_output_contracts" name="test_coupled_vlm_rejects_surface_level_output_opt_out" time="0.000" /><testcase classname="tests.vpm.test_output_contracts" name="test_coupled_vlm_rejects_vlm_geometry_sampler" time="0.000" /><testcase classname="tests.vpm.test_output_contracts" name="test_coupled_vlm_diagnostics_are_owner_clocked_even_if_standalone_frequency_differs" time="0.001" /><testcase classname="tests.vpm.test_output_contracts" name="test_vpm_solver_creates_solution_and_samples_directories_on_startup[2.0]" time="1.261" /><testcase classname="tests.vpm.test_output_contracts" name="test_vpm_solver_creates_solution_and_samples_directories_on_startup[inf]" time="1.243" /><testcase classname="tests.vpm.test_output_contracts" name="test_vpm_solver_creates_solution_and_samples_directories_on_startup[strength_factor2]" time="1.289" /><testcase classname="tests.vpm.test_output_contracts" name="test_close_records_state_after_direct_advancement[1-completed]" time="1.209" /><testcase classname="tests.vpm.test_output_contracts" name="test_close_records_state_after_direct_advancement[3-partial]" time="1.206" /><testcase classname="tests.vpm.test_output_contracts" name="test_native_metadata_tracks_checkpoint_progress_before_completion[True]" time="1.283" /><testcase classname="tests.vpm.test_output_contracts" name="test_native_metadata_tracks_checkpoint_progress_before_completion[False]" time="1.268" /><testcase classname="tests.vpm.test_output_contracts" name="test_every_time_dispatches_after_crossing_a_physical_cadence" time="0.000" /><testcase classname="tests.vpm.test_output_contracts" name="test_final_only_is_not_an_accepted_step_schedule" time="0.000" /><testcase classname="tests.vpm.test_output_contracts" name="test_csv_series_is_atomic_and_preserved_on_resume" time="0.002" /><testcase classname="tests.vpm.test_output_contracts" name="test_pvd_series_is_atomic_and_preserved_on_resume" time="0.002" /><testcase classname="tests.vpm.test_output_contracts" name="test_resume_rejects_nonmonotonic_csv_event" time="0.001" /><testcase classname="tests.vpm.test_output_contracts" name="test_output_manager_is_the_only_backup_cadence_owner" time="0.000" /><testcase classname="tests.vpm.test_output_contracts" name="test_budget_terminal_sampling_keeps_due_rows_and_adds_missing_current_rows" time="0.001" /><testcase classname="tests.vpm.test_output_contracts" name="test_empty_particle_state_still_executes_configured_sampler" time="0.001" /><testcase classname="tests.vpm.test_output_contracts" name="test_sampler_failure_is_fatal_by_default" time="0.001" /><testcase classname="tests.vpm.test_output_contracts" name="test_sampler_failure_is_reported" time="0.000" /><testcase classname="tests.vpm.test_output_contracts" name="test_individual_sampler_can_declare_an_unmet_prerequisite" time="0.000" /><testcase classname="tests.vpm.test_output_contracts" name="test_scheduled_backup_does_not_dispatch_scientific_output" time="0.000" /><testcase classname="tests.vpm.test_output_contracts" name="test_invalid_schedules_are_rejected[kwargs0]" time="0.000" /><testcase classname="tests.vpm.test_output_contracts" name="test_invalid_schedules_are_rejected[kwargs1]" time="0.000" /><testcase classname="tests.vpm.test_output_contracts" name="test_invalid_schedules_are_rejected[kwargs2]" time="0.000" /><testcase classname="tests.vpm.test_output_contracts" name="test_step_schedule_obeys_cadence_and_both_offsets" time="0.003" /><testcase classname="tests.vpm.test_output_contracts" name="test_native_integrals_sample_both_bound_and_wake_moments" time="17.539" /><testcase classname="tests.vpm.test_output_contracts" name="test_native_metadata_retains_the_complete_sample_schedule[schedule0]" time="0.000" /><testcase classname="tests.vpm.test_output_contracts" name="test_native_metadata_retains_the_complete_sample_schedule[schedule1]" time="0.000" /><testcase classname="tests.vpm.test_output_contracts" name="test_sampling_start_matches_the_accepted_clock_with_roundoff[schedule0]" time="0.000" /><testcase classname="tests.vpm.test_output_contracts" name="test_sampling_start_matches_the_accepted_clock_with_roundoff[schedule1]" time="0.000" /></testsuite></testsuites>